<?xml version="1.0" encoding="UTF-8"?>
<!-- Generated by org.testng.reporters.JUnitXMLReporter -->
<testsuite ignored="0" hostname="tejal" failures="0" tests="6" name="Default test" time="15.364" errors="0" timestamp="2023-05-05T12:33:26 IST">
  <testcase classname="api.testcases.DataDriventestcase" name="testPostuser" time="4.234"/>
  <testcase classname="api.testcases.DataDriventestcase" name="testPostuser" time="1.232"/>
  <testcase classname="api.testcases.DataDriventestcase" name="testPostuser" time="1.236"/>
  <testcase classname="api.testcases.DataDriventestcase" name="DeleteUserByname" time="1.272"/>
  <testcase classname="api.testcases.DataDriventestcase" name="DeleteUserByname" time="5.106"/>
  <testcase classname="api.testcases.DataDriventestcase" name="DeleteUserByname" time="0.023"/>
</testsuite> <!-- Default test -->
