<?xml version="1.0" encoding="UTF-8"?>
<!-- Generated by org.testng.reporters.JUnitXMLReporter -->
<testsuite ignored="0" hostname="tejal" failures="0" tests="4" name="Test" time="9.671" errors="0" timestamp="2023-05-05T15:00:45 IST">
  <testcase classname="api.testcases.UserTest" name="testPostuser" time="3.517"/>
  <testcase classname="api.testcases.UserTest" name="testGetUserByname" time="1.186"/>
  <testcase classname="api.testcases.UserTest" name="testUpdateUser" time="2.386"/>
  <testcase classname="api.testcases.UserTest" name="testDeetUserByname" time="1.137"/>
</testsuite> <!-- Test -->
