<?xml version="1.0" encoding="UTF-8"?>
<!-- Generated by org.testng.reporters.JUnitXMLReporter -->
<testsuite ignored="0" hostname="tejal" failures="0" tests="4" name="Test" time="9.91" errors="0" timestamp="2023-05-05T16:59:55 IST">
  <testcase classname="api.testcases.UserTest" name="testPostuser" time="3.774"/>
  <testcase classname="api.testcases.UserTest" name="testGetUserByname" time="1.196"/>
  <testcase classname="api.testcases.UserTest" name="testUpdateUser" time="2.434"/>
  <testcase classname="api.testcases.UserTest" name="testDeetUserByname" time="1.177"/>
</testsuite> <!-- Test -->
