<?xml version="1.0" encoding="UTF-8"?>
<testsuite xmlns:xsi="http://www.w3.org/2001/XMLSchema-instance" xsi:noNamespaceSchemaLocation="https://maven.apache.org/surefire/maven-surefire-plugin/xsd/surefire-test-report.xsd" name="TestSuite" time="11.039" tests="4" errors="0" skipped="0" failures="0">
  <properties>
[...]
</properties>
  <testcase name="testPostuser" classname="api.testcases.UserTest" time="3.776"/>
  <testcase name="testGetUserByname" classname="api.testcases.UserTest" time="1.199"/>
  <testcase name="testUpdateUser" classname="api.testcases.UserTest" time="2.43"/>
  <testcase name="testDeetUserByname" classname="api.testcases.UserTest" time="1.176"/>
</testsuite>