<?xml version="1.0" encoding="UTF-8"?>
<testng-results ignored="0" total="4" passed="4" failed="0" skipped="0">
  <reporter-output>
  </reporter-output>
  <suite started-at="2023-05-05T15:00:35 IST" name="Suite" finished-at="2023-05-05T15:00:45 IST" duration-ms="9671">
    <groups>
    </groups>
    <test started-at="2023-05-05T15:00:35 IST" name="Test" finished-at="2023-05-05T15:00:45 IST" duration-ms="9671">
      <class name="api.testcases.UserTest">
        <test-method is-config="true" signature="Setupdata()[pri:0, instance:api.testcases.UserTest@1189dd52]" started-at="2023-05-05T15:00:35 IST" name="Setupdata" finished-at="2023-05-05T15:00:36 IST" duration-ms="1099" status="PASS">
          <reporter-output>
          </reporter-output>
        </test-method> <!-- Setupdata -->
        <test-method signature="testPostuser()[pri:1, instance:api.testcases.UserTest@1189dd52]" started-at="2023-05-05T15:00:36 IST" name="testPostuser" finished-at="2023-05-05T15:00:40 IST" duration-ms="3517" status="PASS">
          <reporter-output>
          </reporter-output>
        </test-method> <!-- testPostuser -->
        <test-method signature="testGetUserByname()[pri:2, instance:api.testcases.UserTest@1189dd52]" started-at="2023-05-05T15:00:40 IST" name="testGetUserByname" finished-at="2023-05-05T15:00:41 IST" duration-ms="1186" status="PASS">
          <reporter-output>
          </reporter-output>
        </test-method> <!-- testGetUserByname -->
        <test-method signature="testUpdateUser()[pri:3, instance:api.testcases.UserTest@1189dd52]" started-at="2023-05-05T15:00:41 IST" name="testUpdateUser" finished-at="2023-05-05T15:00:43 IST" duration-ms="2386" status="PASS">
          <reporter-output>
          </reporter-output>
        </test-method> <!-- testUpdateUser -->
        <test-method signature="testDeetUserByname()[pri:4, instance:api.testcases.UserTest@1189dd52]" started-at="2023-05-05T15:00:43 IST" name="testDeetUserByname" finished-at="2023-05-05T15:00:45 IST" duration-ms="1137" status="PASS">
          <reporter-output>
          </reporter-output>
        </test-method> <!-- testDeetUserByname -->
      </class> <!-- api.testcases.UserTest -->
    </test> <!-- Test -->
  </suite> <!-- Suite -->
</testng-results>
